Thu Mar 31 15:36:08 2016
mysql_init fonctionne avec base_meteo
Thu Mar 31 15:36:08 2016
mysql_init fonctionne avec base_temperatures
Thu Mar 31 15:36:08 2016
mysql_init fonctionne avec base_fluidart
Thu Mar 31 15:36:19 2016
Erreur avec connexion sur base_temperatures
Thu Mar 31 15:36:19 2016
Erreur avec connexion sur base_temperatures
Thu Mar 31 15:36:19 2016
Erreur avec connexion sur base_temperatures
Thu Mar 31 15:36:19 2016
Erreur avec connexion sur base_temperatures
Thu Mar 31 15:36:19 2016
Erreur avec connexion sur base_temperatures
Thu Mar 31 15:36:19 2016
Erreur avec connexion sur base_temperatures
Thu Mar 31 15:36:19 2016
Erreur avec connexion sur base_temperatures
Thu Mar 31 15:36:19 2016
Erreur avec connexion sur base_temperatures
Thu Mar 31 15:36:19 2016
Erreur avec connexion sur base_temperatures
Thu Mar 31 15:36:19 2016
Erreur avec connexion sur base_temperatures
Thu Mar 31 15:36:19 2016
Erreur avec connexion sur base_temperatures
Thu Mar 31 15:36:19 2016
Erreur avec connexion sur base_temperatures
Thu Mar 31 15:36:19 2016
Erreur avec connexion sur base_temperatures
Thu Mar 31 15:36:19 2016
Erreur avec connexion sur base_temperatures
Thu Mar 31 15:36:19 2016
Erreur avec connexion sur base_temperatures
Thu Mar 31 15:36:19 2016
Erreur avec connexion sur base_temperatures
Thu Mar 31 15:36:20 2016
Erreur avec connexion sur base_temperatures
Thu Mar 31 15:36:20 2016
Erreur avec connexion sur base_temperatures
Thu Mar 31 15:36:20 2016
Erreur avec connexion sur base_temperatures
Thu Mar 31 15:36:20 2016
Erreur avec connexion sur base_temperatures
Thu Mar 31 15:36:20 2016
Erreur avec connexion sur base_temperatures
Thu Mar 31 15:36:20 2016
Erreur avec connexion sur base_temperatures
Thu Mar 31 15:36:20 2016
Erreur avec connexion sur base_temperatures
Thu Mar 31 15:36:20 2016
Erreur avec connexion sur base_temperatures
Thu Mar 31 15:36:20 2016
Erreur avec connexion sur base_temperatures
Thu Mar 31 15:36:20 2016
Erreur avec connexion sur base_temperatures
Thu Mar 31 15:36:20 2016
Erreur avec connexion sur base_temperatures
Thu Mar 31 15:36:20 2016
Erreur avec connexion sur base_temperatures
Thu Mar 31 15:36:20 2016
Erreur avec connexion sur base_temperatures
Thu Mar 31 15:36:20 2016
Erreur avec connexion sur base_temperatures
Thu Mar 31 15:36:20 2016
Erreur avec connexion sur base_temperatures
Thu Mar 31 15:36:20 2016
Erreur avec connexion sur base_temperatures
Thu Mar 31 15:36:21 2016
Erreur avec connexion sur base_temperatures
Thu Mar 31 15:36:21 2016
Erreur avec connexion sur base_temperatures
Thu Mar 31 15:36:21 2016
Erreur avec connexion sur base_temperatures
Thu Mar 31 15:36:21 2016
Erreur avec connexion sur base_temperatures
Thu Mar 31 15:36:21 2016
Erreur avec connexion sur base_temperatures
Thu Mar 31 15:36:21 2016
Erreur avec connexion sur base_temperatures
Thu Mar 31 15:36:21 2016
Erreur avec connexion sur base_temperatures
Thu Mar 31 15:36:21 2016
Erreur avec connexion sur base_temperatures
Thu Mar 31 15:36:21 2016
Erreur avec connexion sur base_temperatures
Thu Mar 31 15:36:21 2016
Erreur avec connexion sur base_temperatures
Thu Mar 31 15:36:21 2016
Erreur avec connexion sur base_temperatures
Thu Mar 31 15:36:21 2016
Erreur avec connexion sur base_temperatures
Thu Mar 31 15:36:21 2016
Erreur avec connexion sur base_temperatures
Thu Mar 31 15:36:21 2016
Erreur avec connexion sur base_temperatures
Thu Mar 31 15:36:21 2016
Erreur avec connexion sur base_temperatures
Thu Mar 31 15:36:21 2016
Erreur avec connexion sur base_temperatures
Thu Mar 31 15:36:22 2016
Erreur avec connexion sur base_temperatures
Thu Mar 31 15:36:22 2016
Erreur avec connexion sur base_temperatures
Thu Mar 31 15:36:22 2016
Erreur avec connexion sur base_temperatures
Thu Mar 31 15:36:22 2016
Erreur avec connexion sur base_temperatures
Thu Mar 31 15:36:22 2016
Erreur avec connexion sur base_temperatures
Thu Mar 31 15:36:22 2016
Erreur avec connexion sur base_temperatures
Thu Mar 31 15:36:22 2016
Erreur avec connexion sur base_temperatures
Thu Mar 31 15:36:22 2016
Erreur avec connexion sur base_temperatures
Thu Mar 31 15:36:22 2016
Erreur avec connexion sur base_temperatures
Thu Mar 31 15:36:22 2016
Erreur avec connexion sur base_temperatures
Thu Mar 31 15:36:22 2016
Erreur avec connexion sur base_temperatures
Thu Mar 31 15:36:22 2016
Erreur avec connexion sur base_temperatures
Thu Mar 31 15:36:22 2016
Erreur avec connexion sur base_temperatures
Thu Mar 31 15:36:22 2016
Erreur avec connexion sur base_temperatures
Thu Mar 31 15:36:22 2016
Erreur avec connexion sur base_temperatures
Thu Mar 31 15:36:22 2016
Erreur avec connexion sur base_temperatures
Thu Mar 31 15:36:23 2016
Erreur avec connexion sur base_temperatures
Thu Mar 31 15:36:23 2016
Erreur avec connexion sur base_temperatures
Thu Mar 31 15:36:23 2016
Erreur avec connexion sur base_temperatures
Thu Mar 31 15:36:23 2016
Erreur avec connexion sur base_temperatures
Thu Mar 31 15:36:23 2016
Erreur avec connexion sur base_temperatures
Thu Mar 31 15:36:23 2016
Erreur avec connexion sur base_temperatures
Thu Mar 31 15:36:23 2016
Erreur avec connexion sur base_temperatures
Thu Mar 31 15:36:23 2016
Erreur avec connexion sur base_temperatures
Thu Mar 31 15:36:23 2016
Erreur avec connexion sur base_temperatures
Thu Mar 31 15:36:23 2016
Erreur avec connexion sur base_temperatures
Thu Mar 31 15:36:23 2016
Erreur avec connexion sur base_temperatures
Thu Mar 31 15:36:23 2016
Erreur avec connexion sur base_temperatures
Thu Mar 31 15:36:23 2016
Erreur avec connexion sur base_temperatures
Thu Mar 31 15:36:23 2016
Erreur avec connexion sur base_temperatures
Thu Mar 31 15:36:23 2016
Erreur avec connexion sur base_temperatures
Thu Mar 31 15:36:23 2016
Erreur avec connexion sur base_temperatures
Thu Mar 31 15:36:24 2016
Erreur avec connexion sur base_temperatures
Thu Mar 31 15:36:24 2016
Erreur avec connexion sur base_temperatures
Thu Mar 31 15:36:24 2016
Erreur avec connexion sur base_temperatures
Thu Mar 31 15:36:24 2016
Erreur avec connexion sur base_temperatures
Thu Mar 31 15:36:24 2016
Erreur avec connexion sur base_temperatures
Thu Mar 31 15:36:24 2016
Erreur avec connexion sur base_temperatures
Thu Mar 31 15:36:24 2016
Erreur avec connexion sur base_temperatures
Thu Mar 31 15:36:24 2016
Erreur avec connexion sur base_temperatures
Thu Mar 31 15:36:24 2016
Erreur avec connexion sur base_temperatures
Thu Mar 31 15:36:24 2016
Erreur avec connexion sur base_temperatures
Thu Mar 31 15:36:24 2016
Erreur avec connexion sur base_temperatures
Thu Mar 31 15:36:24 2016
Erreur avec connexion sur base_temperatures
Thu Mar 31 15:36:24 2016
Erreur avec connexion sur base_temperatures
Thu Mar 31 15:36:24 2016
Erreur avec connexion sur base_temperatures
Thu Mar 31 15:36:24 2016
Erreur avec connexion sur base_temperatures
Thu Mar 31 15:36:24 2016
Erreur avec connexion sur base_temperatures
Thu Mar 31 15:36:25 2016
Erreur avec connexion sur base_temperatures
Thu Mar 31 15:36:25 2016
Erreur avec connexion sur base_temperatures
Thu Mar 31 15:36:25 2016
Erreur avec connexion sur base_temperatures
Thu Mar 31 15:36:25 2016
Erreur avec connexion sur base_temperatures
Thu Mar 31 15:36:25 2016
Erreur avec connexion sur base_temperatures
Thu Mar 31 15:36:25 2016
Erreur avec connexion sur base_temperatures
Thu Mar 31 15:36:25 2016
Erreur avec connexion sur base_temperatures
Thu Mar 31 15:36:25 2016
Erreur avec connexion sur base_temperatures
Thu Mar 31 15:36:25 2016
Erreur avec connexion sur base_temperatures
Thu Mar 31 15:36:25 2016
Erreur avec connexion sur base_temperatures
Thu Mar 31 15:36:25 2016
Erreur avec connexion sur base_temperatures
Thu Mar 31 15:36:25 2016
Erreur avec connexion sur base_temperatures
Thu Mar 31 15:36:25 2016
Erreur avec connexion sur base_temperatures
Thu Mar 31 15:36:25 2016
Erreur avec connexion sur base_temperatures
Thu Mar 31 15:36:25 2016
Erreur avec connexion sur base_temperatures
Thu Mar 31 15:36:25 2016
Erreur avec connexion sur base_temperatures
Thu Mar 31 15:36:26 2016
Erreur avec connexion sur base_temperatures
Thu Mar 31 15:36:26 2016
Erreur avec connexion sur base_temperatures
Thu Mar 31 15:36:26 2016
Erreur avec connexion sur base_temperatures
Thu Mar 31 15:36:26 2016
Erreur avec connexion sur base_temperatures
Thu Mar 31 15:36:26 2016
Erreur avec connexion sur base_temperatures
Thu Mar 31 15:36:26 2016
Erreur avec connexion sur base_temperatures
Thu Mar 31 15:36:26 2016
Erreur avec connexion sur base_temperatures
Thu Mar 31 15:36:26 2016
Erreur avec connexion sur base_temperatures
Thu Mar 31 15:36:26 2016
Erreur avec connexion sur base_temperatures
Thu Mar 31 15:36:26 2016
Erreur avec connexion sur base_temperatures
Thu Mar 31 15:36:26 2016
Erreur avec connexion sur base_temperatures
Thu Mar 31 15:36:26 2016
Erreur avec connexion sur base_temperatures
Thu Mar 31 15:36:26 2016
Erreur avec connexion sur base_temperatures
Thu Mar 31 15:36:26 2016
Erreur avec connexion sur base_temperatures
Thu Mar 31 15:36:26 2016
Erreur avec connexion sur base_temperatures
Thu Mar 31 15:36:26 2016
Erreur avec connexion sur base_temperatures
Thu Mar 31 15:36:27 2016
Erreur avec connexion sur base_temperatures
Thu Mar 31 15:36:27 2016
Erreur avec connexion sur base_temperatures
Thu Mar 31 15:36:27 2016
Erreur avec connexion sur base_temperatures
Thu Mar 31 15:36:27 2016
Erreur avec connexion sur base_temperatures
Thu Mar 31 15:36:27 2016
Erreur avec connexion sur base_temperatures
Thu Mar 31 15:36:27 2016
Erreur avec connexion sur base_temperatures
Thu Mar 31 15:36:27 2016
Erreur avec connexion sur base_temperatures
